1765840465.065872 client started (178106): version 3.5a, socket /tmp/tmux-1000/default, protocol 8
1765840465.065887 on Linux 6.12.62 #1-NixOS SMP PREEMPT_DYNAMIC Fri Dec 12 17:37:22 UTC 2025
1765840465.065889 using libevent 2.1.12-stable poll
1765840465.065891 using utf8proc 2.11.1
1765840465.065893 using ncurses 6.5 20240427
1765840465.065899 flags are 0x10010000
1765840465.065904 socket is /tmp/tmux-1000/default
1765840465.065908 trying connect
1765840465.065936 add peer 0x559cdf308c50: 6 ((nil))
1765840465.066111 sending message 111 to peer 0x559cdf308c50 (8 bytes)
1765840465.066115 sending message 111 to peer 0x559cdf308c50 (8 bytes)
1765840465.066117 sending message 101 to peer 0x559cdf308c50 (14 bytes)
1765840465.066118 sending message 109 to peer 0x559cdf308c50 (4 bytes)
1765840465.066119 sending message 102 to peer 0x559cdf308c50 (11 bytes)
1765840465.066120 sending message 108 to peer 0x559cdf308c50 (29 bytes)
1765840465.066122 sending message 112 to peer 0x559cdf308c50 (70 bytes)
1765840465.066123 sending message 112 to peer 0x559cdf308c50 (5 bytes)
1765840465.066124 sending message 112 to peer 0x559cdf308c50 (5 bytes)
1765840465.066125 sending message 112 to peer 0x559cdf308c50 (6 bytes)
1765840465.066126 sending message 112 to peer 0x559cdf308c50 (6 bytes)
1765840465.066127 sending message 112 to peer 0x559cdf308c50 (11 bytes)
1765840465.066129 sending message 112 to peer 0x559cdf308c50 (10 bytes)
1765840465.066130 sending message 112 to peer 0x559cdf308c50 (13 bytes)
1765840465.066131 sending message 112 to peer 0x559cdf308c50 (13 bytes)
1765840465.066132 sending message 112 to peer 0x559cdf308c50 (18 bytes)
1765840465.066133 sending message 112 to peer 0x559cdf308c50 (11 bytes)
1765840465.066135 sending message 112 to peer 0x559cdf308c50 (10 bytes)
1765840465.066136 sending message 112 to peer 0x559cdf308c50 (15 bytes)
1765840465.066137 sending message 112 to peer 0x559cdf308c50 (21 bytes)
1765840465.066138 sending message 112 to peer 0x559cdf308c50 (13 bytes)
1765840465.066139 sending message 112 to peer 0x559cdf308c50 (7 bytes)
1765840465.066140 sending message 112 to peer 0x559cdf308c50 (13 bytes)
1765840465.066142 sending message 112 to peer 0x559cdf308c50 (7 bytes)
1765840465.066143 sending message 112 to peer 0x559cdf308c50 (13 bytes)
1765840465.066144 sending message 112 to peer 0x559cdf308c50 (9 bytes)
1765840465.066145 sending message 112 to peer 0x559cdf308c50 (21 bytes)
1765840465.066146 sending message 112 to peer 0x559cdf308c50 (13 bytes)
1765840465.066147 sending message 112 to peer 0x559cdf308c50 (8 bytes)
1765840465.066149 sending message 112 to peer 0x559cdf308c50 (12 bytes)
1765840465.066150 sending message 112 to peer 0x559cdf308c50 (13 bytes)
1765840465.066151 sending message 112 to peer 0x559cdf308c50 (9 bytes)
1765840465.066152 sending message 112 to peer 0x559cdf308c50 (9 bytes)
1765840465.066153 sending message 112 to peer 0x559cdf308c50 (12 bytes)
1765840465.066155 sending message 112 to peer 0x559cdf308c50 (8 bytes)
1765840465.066156 sending message 112 to peer 0x559cdf308c50 (8 bytes)
1765840465.066157 sending message 112 to peer 0x559cdf308c50 (7 bytes)
1765840465.066158 sending message 112 to peer 0x559cdf308c50 (7 bytes)
1765840465.066159 sending message 112 to peer 0x559cdf308c50 (9 bytes)
1765840465.066160 sending message 112 to peer 0x559cdf308c50 (13 bytes)
1765840465.066162 sending message 112 to peer 0x559cdf308c50 (6 bytes)
1765840465.066163 sending message 112 to peer 0x559cdf308c50 (9 bytes)
1765840465.066164 sending message 112 to peer 0x559cdf308c50 (15 bytes)
1765840465.066165 sending message 112 to peer 0x559cdf308c50 (13 bytes)
1765840465.066166 sending message 112 to peer 0x559cdf308c50 (12 bytes)
1765840465.066167 sending message 112 to peer 0x559cdf308c50 (8 bytes)
1765840465.066169 sending message 112 to peer 0x559cdf308c50 (14 bytes)
1765840465.066170 sending message 112 to peer 0x559cdf308c50 (11 bytes)
1765840465.066171 sending message 112 to peer 0x559cdf308c50 (9 bytes)
1765840465.066172 sending message 112 to peer 0x559cdf308c50 (10 bytes)
1765840465.066174 sending message 112 to peer 0x559cdf308c50 (10 bytes)
1765840465.066178 sending message 112 to peer 0x559cdf308c50 (10 bytes)
1765840465.066179 sending message 112 to peer 0x559cdf308c50 (10 bytes)
1765840465.066181 sending message 112 to peer 0x559cdf308c50 (11 bytes)
1765840465.066182 sending message 112 to peer 0x559cdf308c50 (12 bytes)
1765840465.066183 sending message 112 to peer 0x559cdf308c50 (12 bytes)
1765840465.066184 sending message 112 to peer 0x559cdf308c50 (12 bytes)
1765840465.066185 sending message 112 to peer 0x559cdf308c50 (12 bytes)
1765840465.066186 sending message 112 to peer 0x559cdf308c50 (12 bytes)
1765840465.066188 sending message 112 to peer 0x559cdf308c50 (11 bytes)
1765840465.066189 sending message 112 to peer 0x559cdf308c50 (11 bytes)
1765840465.066190 sending message 112 to peer 0x559cdf308c50 (12 bytes)
1765840465.066191 sending message 112 to peer 0x559cdf308c50 (12 bytes)
1765840465.066192 sending message 112 to peer 0x559cdf308c50 (12 bytes)
1765840465.066193 sending message 112 to peer 0x559cdf308c50 (12 bytes)
1765840465.066195 sending message 112 to peer 0x559cdf308c50 (12 bytes)
1765840465.066196 sending message 112 to peer 0x559cdf308c50 (10 bytes)
1765840465.066197 sending message 112 to peer 0x559cdf308c50 (12 bytes)
1765840465.066198 sending message 112 to peer 0x559cdf308c50 (13 bytes)
1765840465.066199 sending message 112 to peer 0x559cdf308c50 (13 bytes)
1765840465.066200 sending message 112 to peer 0x559cdf308c50 (13 bytes)
1765840465.066202 sending message 112 to peer 0x559cdf308c50 (13 bytes)
1765840465.066203 sending message 112 to peer 0x559cdf308c50 (13 bytes)
1765840465.066204 sending message 112 to peer 0x559cdf308c50 (8 bytes)
1765840465.066205 sending message 112 to peer 0x559cdf308c50 (11 bytes)
1765840465.066206 sending message 112 to peer 0x559cdf308c50 (11 bytes)
1765840465.066207 sending message 112 to peer 0x559cdf308c50 (11 bytes)
1765840465.066209 sending message 112 to peer 0x559cdf308c50 (12 bytes)
1765840465.066210 sending message 112 to peer 0x559cdf308c50 (12 bytes)
1765840465.066211 sending message 112 to peer 0x559cdf308c50 (12 bytes)
1765840465.066212 sending message 112 to peer 0x559cdf308c50 (12 bytes)
1765840465.066213 sending message 112 to peer 0x559cdf308c50 (13 bytes)
1765840465.066215 sending message 112 to peer 0x559cdf308c50 (13 bytes)
1765840465.066216 sending message 112 to peer 0x559cdf308c50 (13 bytes)
1765840465.066217 sending message 112 to peer 0x559cdf308c50 (8 bytes)
1765840465.066218 sending message 112 to peer 0x559cdf308c50 (13 bytes)
1765840465.066219 sending message 112 to peer 0x559cdf308c50 (13 bytes)
1765840465.066220 sending message 112 to peer 0x559cdf308c50 (13 bytes)
1765840465.066222 sending message 112 to peer 0x559cdf308c50 (13 bytes)
1765840465.066223 sending message 112 to peer 0x559cdf308c50 (13 bytes)
1765840465.066224 sending message 112 to peer 0x559cdf308c50 (12 bytes)
1765840465.066225 sending message 112 to peer 0x559cdf308c50 (12 bytes)
1765840465.066226 sending message 112 to peer 0x559cdf308c50 (12 bytes)
1765840465.066227 sending message 112 to peer 0x559cdf308c50 (12 bytes)
1765840465.066229 sending message 112 to peer 0x559cdf308c50 (13 bytes)
1765840465.066230 sending message 112 to peer 0x559cdf308c50 (8 bytes)
1765840465.066231 sending message 112 to peer 0x559cdf308c50 (13 bytes)
1765840465.066232 sending message 112 to peer 0x559cdf308c50 (13 bytes)
1765840465.066233 sending message 112 to peer 0x559cdf308c50 (13 bytes)
1765840465.066234 sending message 112 to peer 0x559cdf308c50 (13 bytes)
1765840465.066236 sending message 112 to peer 0x559cdf308c50 (13 bytes)
1765840465.066237 sending message 112 to peer 0x559cdf308c50 (13 bytes)
1765840465.066238 sending message 112 to peer 0x559cdf308c50 (13 bytes)
1765840465.066239 sending message 112 to peer 0x559cdf308c50 (12 bytes)
1765840465.066240 sending message 112 to peer 0x559cdf308c50 (12 bytes)
1765840465.066242 sending message 112 to peer 0x559cdf308c50 (12 bytes)
1765840465.066243 sending message 112 to peer 0x559cdf308c50 (8 bytes)
1765840465.066244 sending message 112 to peer 0x559cdf308c50 (12 bytes)
1765840465.066246 sending message 112 to peer 0x559cdf308c50 (13 bytes)
1765840465.066248 sending message 112 to peer 0x559cdf308c50 (13 bytes)
1765840465.066249 sending message 112 to peer 0x559cdf308c50 (13 bytes)
1765840465.066250 sending message 112 to peer 0x559cdf308c50 (13 bytes)
1765840465.066251 sending message 112 to peer 0x559cdf308c50 (13 bytes)
1765840465.066252 sending message 112 to peer 0x559cdf308c50 (13 bytes)
1765840465.066253 sending message 112 to peer 0x559cdf308c50 (13 bytes)
1765840465.066255 sending message 112 to peer 0x559cdf308c50 (13 bytes)
1765840465.066256 sending message 112 to peer 0x559cdf308c50 (12 bytes)
1765840465.066257 sending message 112 to peer 0x559cdf308c50 (10 bytes)
1765840465.066258 sending message 112 to peer 0x559cdf308c50 (12 bytes)
1765840465.066259 sending message 112 to peer 0x559cdf308c50 (12 bytes)
1765840465.066260 sending message 112 to peer 0x559cdf308c50 (12 bytes)
1765840465.066262 sending message 112 to peer 0x559cdf308c50 (13 bytes)
1765840465.066263 sending message 112 to peer 0x559cdf308c50 (13 bytes)
1765840465.066264 sending message 112 to peer 0x559cdf308c50 (13 bytes)
1765840465.066265 sending message 112 to peer 0x559cdf308c50 (13 bytes)
1765840465.066266 sending message 112 to peer 0x559cdf308c50 (13 bytes)
1765840465.066267 sending message 112 to peer 0x559cdf308c50 (13 bytes)
1765840465.066269 sending message 112 to peer 0x559cdf308c50 (13 bytes)
1765840465.066270 sending message 112 to peer 0x559cdf308c50 (10 bytes)
1765840465.066271 sending message 112 to peer 0x559cdf308c50 (13 bytes)
1765840465.066272 sending message 112 to peer 0x559cdf308c50 (12 bytes)
1765840465.066273 sending message 112 to peer 0x559cdf308c50 (12 bytes)
1765840465.066274 sending message 112 to peer 0x559cdf308c50 (12 bytes)
1765840465.066276 sending message 112 to peer 0x559cdf308c50 (10 bytes)
1765840465.066277 sending message 112 to peer 0x559cdf308c50 (10 bytes)
1765840465.066278 sending message 112 to peer 0x559cdf308c50 (10 bytes)
1765840465.066279 sending message 112 to peer 0x559cdf308c50 (12 bytes)
1765840465.066280 sending message 112 to peer 0x559cdf308c50 (13 bytes)
1765840465.066281 sending message 112 to peer 0x559cdf308c50 (13 bytes)
1765840465.066283 sending message 112 to peer 0x559cdf308c50 (13 bytes)
1765840465.066284 sending message 112 to peer 0x559cdf308c50 (13 bytes)
1765840465.066285 sending message 112 to peer 0x559cdf308c50 (13 bytes)
1765840465.066286 sending message 112 to peer 0x559cdf308c50 (11 bytes)
1765840465.066287 sending message 112 to peer 0x559cdf308c50 (11 bytes)
1765840465.066288 sending message 112 to peer 0x559cdf308c50 (12 bytes)
1765840465.066290 sending message 112 to peer 0x559cdf308c50 (12 bytes)
1765840465.066291 sending message 112 to peer 0x559cdf308c50 (12 bytes)
1765840465.066292 sending message 112 to peer 0x559cdf308c50 (12 bytes)
1765840465.066293 sending message 112 to peer 0x559cdf308c50 (12 bytes)
1765840465.066294 sending message 112 to peer 0x559cdf308c50 (11 bytes)
1765840465.066295 sending message 112 to peer 0x559cdf308c50 (12 bytes)
1765840465.066297 sending message 112 to peer 0x559cdf308c50 (12 bytes)
1765840465.066298 sending message 112 to peer 0x559cdf308c50 (13 bytes)
1765840465.066299 sending message 112 to peer 0x559cdf308c50 (13 bytes)
1765840465.066300 sending message 112 to peer 0x559cdf308c50 (13 bytes)
1765840465.066301 sending message 112 to peer 0x559cdf308c50 (13 bytes)
1765840465.066302 sending message 112 to peer 0x559cdf308c50 (13 bytes)
1765840465.066304 sending message 112 to peer 0x559cdf308c50 (10 bytes)
1765840465.066305 sending message 112 to peer 0x559cdf308c50 (9 bytes)
1765840465.066306 sending message 112 to peer 0x559cdf308c50 (12 bytes)
1765840465.066307 sending message 112 to peer 0x559cdf308c50 (13 bytes)
1765840465.066308 sending message 112 to peer 0x559cdf308c50 (13 bytes)
1765840465.066309 sending message 112 to peer 0x559cdf308c50 (13 bytes)
1765840465.066311 sending message 112 to peer 0x559cdf308c50 (13 bytes)
1765840465.066312 sending message 112 to peer 0x559cdf308c50 (13 bytes)
1765840465.066314 sending message 112 to peer 0x559cdf308c50 (9 bytes)
1765840465.066315 sending message 112 to peer 0x559cdf308c50 (12 bytes)
1765840465.066317 sending message 112 to peer 0x559cdf308c50 (13 bytes)
1765840465.066318 sending message 112 to peer 0x559cdf308c50 (13 bytes)
1765840465.066319 sending message 112 to peer 0x559cdf308c50 (13 bytes)
1765840465.066320 sending message 112 to peer 0x559cdf308c50 (13 bytes)
1765840465.066321 sending message 112 to peer 0x559cdf308c50 (13 bytes)
1765840465.066322 sending message 112 to peer 0x559cdf308c50 (11 bytes)
1765840465.066323 sending message 112 to peer 0x559cdf308c50 (12 bytes)
1765840465.066325 sending message 112 to peer 0x559cdf308c50 (13 bytes)
1765840465.066326 sending message 112 to peer 0x559cdf308c50 (13 bytes)
1765840465.066327 sending message 112 to peer 0x559cdf308c50 (13 bytes)
1765840465.066328 sending message 112 to peer 0x559cdf308c50 (13 bytes)
1765840465.066329 sending message 112 to peer 0x559cdf308c50 (13 bytes)
1765840465.066330 sending message 112 to peer 0x559cdf308c50 (11 bytes)
1765840465.066332 sending message 112 to peer 0x559cdf308c50 (12 bytes)
1765840465.066333 sending message 112 to peer 0x559cdf308c50 (12 bytes)
1765840465.066334 sending message 112 to peer 0x559cdf308c50 (12 bytes)
1765840465.066335 sending message 112 to peer 0x559cdf308c50 (12 bytes)
1765840465.066336 sending message 112 to peer 0x559cdf308c50 (12 bytes)
1765840465.066338 sending message 112 to peer 0x559cdf308c50 (21 bytes)
1765840465.066339 sending message 112 to peer 0x559cdf308c50 (12 bytes)
1765840465.066340 sending message 112 to peer 0x559cdf308c50 (9 bytes)
1765840465.066341 sending message 112 to peer 0x559cdf308c50 (6 bytes)
1765840465.066342 sending message 112 to peer 0x559cdf308c50 (13 bytes)
1765840465.066344 sending message 112 to peer 0x559cdf308c50 (8 bytes)
1765840465.066345 sending message 112 to peer 0x559cdf308c50 (15 bytes)
1765840465.066346 sending message 112 to peer 0x559cdf308c50 (13 bytes)
1765840465.066347 sending message 112 to peer 0x559cdf308c50 (9 bytes)
1765840465.066349 sending message 112 to peer 0x559cdf308c50 (70 bytes)
1765840465.066350 sending message 112 to peer 0x559cdf308c50 (69 bytes)
1765840465.066351 sending message 112 to peer 0x559cdf308c50 (10 bytes)
1765840465.066352 sending message 112 to peer 0x559cdf308c50 (10 bytes)
1765840465.066354 sending message 112 to peer 0x559cdf308c50 (8 bytes)
1765840465.066355 sending message 112 to peer 0x559cdf308c50 (15 bytes)
1765840465.066356 sending message 112 to peer 0x559cdf308c50 (13 bytes)
1765840465.066357 sending message 112 to peer 0x559cdf308c50 (10 bytes)
1765840465.066359 sending message 112 to peer 0x559cdf308c50 (10 bytes)
1765840465.066360 sending message 112 to peer 0x559cdf308c50 (17 bytes)
1765840465.066361 sending message 112 to peer 0x559cdf308c50 (10 bytes)
1765840465.066362 sending message 112 to peer 0x559cdf308c50 (13 bytes)
1765840465.066363 sending message 112 to peer 0x559cdf308c50 (9 bytes)
1765840465.066364 sending message 112 to peer 0x559cdf308c50 (5 bytes)
1765840465.066366 sending message 112 to peer 0x559cdf308c50 (15 bytes)
1765840465.066367 sending message 104 to peer 0x559cdf308c50 (0 bytes)
1765840465.066369 sending message 110 to peer 0x559cdf308c50 (0 bytes)
1765840465.066370 sending message 107 to peer 0x559cdf308c50 (4 bytes)
1765840465.066372 sending message 105 to peer 0x559cdf308c50 (36 bytes)
1765840465.066373 sending message 105 to peer 0x559cdf308c50 (12 bytes)
1765840465.066374 sending message 105 to peer 0x559cdf308c50 (12 bytes)
1765840465.066376 sending message 105 to peer 0x559cdf308c50 (11 bytes)
1765840465.066377 sending message 105 to peer 0x559cdf308c50 (267 bytes)
1765840465.066378 sending message 105 to peer 0x559cdf308c50 (14 bytes)
1765840465.066380 sending message 105 to peer 0x559cdf308c50 (24 bytes)
1765840465.066381 sending message 105 to peer 0x559cdf308c50 (23 bytes)
1765840465.066382 sending message 105 to peer 0x559cdf308c50 (23 bytes)
1765840465.066383 sending message 105 to peer 0x559cdf308c50 (27 bytes)
1765840465.066386 sending message 105 to peer 0x559cdf308c50 (31 bytes)
1765840465.066387 sending message 105 to peer 0x559cdf308c50 (37 bytes)
1765840465.066388 sending message 105 to peer 0x559cdf308c50 (20 bytes)
1765840465.066389 sending message 105 to peer 0x559cdf308c50 (11 bytes)
1765840465.066391 sending message 105 to peer 0x559cdf308c50 (122 bytes)
1765840465.066392 sending message 105 to peer 0x559cdf308c50 (13 bytes)
1765840465.066393 sending message 105 to peer 0x559cdf308c50 (38 bytes)
1765840465.066395 sending message 105 to peer 0x559cdf308c50 (431 bytes)
1765840465.066396 sending message 105 to peer 0x559cdf308c50 (236 bytes)
1765840465.066397 sending message 105 to peer 0x559cdf308c50 (19 bytes)
1765840465.066399 sending message 105 to peer 0x559cdf308c50 (31 bytes)
1765840465.066400 sending message 105 to peer 0x559cdf308c50 (31 bytes)
1765840465.066401 sending message 105 to peer 0x559cdf308c50 (24 bytes)
1765840465.066402 sending message 105 to peer 0x559cdf308c50 (142 bytes)
1765840465.066404 sending message 105 to peer 0x559cdf308c50 (82 bytes)
1765840465.066405 sending message 105 to peer 0x559cdf308c50 (94 bytes)
1765840465.066406 sending message 105 to peer 0x559cdf308c50 (499 bytes)
1765840465.066408 sending message 105 to peer 0x559cdf308c50 (13 bytes)
1765840465.066409 sending message 105 to peer 0x559cdf308c50 (25 bytes)
1765840465.066410 sending message 105 to peer 0x559cdf308c50 (22 bytes)
1765840465.066411 sending message 105 to peer 0x559cdf308c50 (714 bytes)
1765840465.066413 sending message 105 to peer 0x559cdf308c50 (78 bytes)
1765840465.066414 sending message 105 to peer 0x559cdf308c50 (13 bytes)
1765840465.066415 sending message 105 to peer 0x559cdf308c50 (20 bytes)
1765840465.066417 sending message 105 to peer 0x559cdf308c50 (176 bytes)
1765840465.066418 sending message 105 to peer 0x559cdf308c50 (33 bytes)
1765840465.066419 sending message 105 to peer 0x559cdf308c50 (26 bytes)
1765840465.066420 sending message 105 to peer 0x559cdf308c50 (30 bytes)
1765840465.066421 sending message 105 to peer 0x559cdf308c50 (21 bytes)
1765840465.066423 sending message 105 to peer 0x559cdf308c50 (24 bytes)
1765840465.066424 sending message 105 to peer 0x559cdf308c50 (21 bytes)
1765840465.066425 sending message 105 to peer 0x559cdf308c50 (23 bytes)
1765840465.066426 sending message 105 to peer 0x559cdf308c50 (24 bytes)
1765840465.066427 sending message 105 to peer 0x559cdf308c50 (351 bytes)
1765840465.066429 sending message 105 to peer 0x559cdf308c50 (17 bytes)
1765840465.066430 sending message 105 to peer 0x559cdf308c50 (52 bytes)
1765840465.066431 sending message 105 to peer 0x559cdf308c50 (21 bytes)
1765840465.066432 sending message 105 to peer 0x559cdf308c50 (933 bytes)
1765840465.066434 sending message 105 to peer 0x559cdf308c50 (112 bytes)
1765840465.066435 sending message 105 to peer 0x559cdf308c50 (310 bytes)
1765840465.066437 sending message 105 to peer 0x559cdf308c50 (25 bytes)
1765840465.066438 sending message 105 to peer 0x559cdf308c50 (76 bytes)
1765840465.066439 sending message 105 to peer 0x559cdf308c50 (51 bytes)
1765840465.066440 sending message 105 to peer 0x559cdf308c50 (37 bytes)
1765840465.066441 sending message 105 to peer 0x559cdf308c50 (210 bytes)
1765840465.066443 sending message 105 to peer 0x559cdf308c50 (34 bytes)
1765840465.066444 sending message 105 to peer 0x559cdf308c50 (64 bytes)
1765840465.066445 sending message 105 to peer 0x559cdf308c50 (283 bytes)
1765840465.066446 sending message 105 to peer 0x559cdf308c50 (20 bytes)
1765840465.066449 sending message 105 to peer 0x559cdf308c50 (17 bytes)
1765840465.066450 sending message 105 to peer 0x559cdf308c50 (8 bytes)
1765840465.066451 sending message 105 to peer 0x559cdf308c50 (16 bytes)
1765840465.066452 sending message 105 to peer 0x559cdf308c50 (22 bytes)
1765840465.066454 sending message 105 to peer 0x559cdf308c50 (16 bytes)
1765840465.066455 sending message 105 to peer 0x559cdf308c50 (26 bytes)
1765840465.066456 sending message 105 to peer 0x559cdf308c50 (18 bytes)
1765840465.066458 sending message 105 to peer 0x559cdf308c50 (15 bytes)
1765840465.066459 sending message 105 to peer 0x559cdf308c50 (19 bytes)
1765840465.066460 sending message 105 to peer 0x559cdf308c50 (25 bytes)
1765840465.066462 sending message 105 to peer 0x559cdf308c50 (172 bytes)
1765840465.066463 sending message 105 to peer 0x559cdf308c50 (20 bytes)
1765840465.066464 sending message 105 to peer 0x559cdf308c50 (15 bytes)
1765840465.066465 sending message 105 to peer 0x559cdf308c50 (60 bytes)
1765840465.066466 sending message 105 to peer 0x559cdf308c50 (20 bytes)
1765840465.066468 sending message 105 to peer 0x559cdf308c50 (43 bytes)
1765840465.066469 sending message 105 to peer 0x559cdf308c50 (17 bytes)
1765840465.066470 sending message 105 to peer 0x559cdf308c50 (54 bytes)
1765840465.066471 sending message 105 to peer 0x559cdf308c50 (83 bytes)
1765840465.066472 sending message 105 to peer 0x559cdf308c50 (22 bytes)
1765840465.066474 sending message 105 to peer 0x559cdf308c50 (549 bytes)
1765840465.066476 sending message 105 to peer 0x559cdf308c50 (72 bytes)
1765840465.066477 sending message 105 to peer 0x559cdf308c50 (20 bytes)
1765840465.066478 sending message 105 to peer 0x559cdf308c50 (224 bytes)
1765840465.066479 sending message 105 to peer 0x559cdf308c50 (20 bytes)
1765840465.066481 sending message 106 to peer 0x559cdf308c50 (0 bytes)
1765840465.066508 sending message 200 to peer 0x559cdf308c50 (4 bytes)
1765840465.066510 client loop enter
1765840465.068084 peer 0x559cdf308c50 message 303
1765840465.068106 open write file 2 -
1765840465.068114 sending message 305 to peer 0x559cdf308c50 (8 bytes)
1765840465.068122 write check file 2
1765840465.068216 peer 0x559cdf308c50 message 304
1765840465.068219 write 58 to file 2
1765840465.068221 peer 0x559cdf308c50 message 203
1765840465.068223 file 2 58 bytes left
1765840465.068232 write check file 2
1765840465.068233 client loop exit
